<?xml version="1.0" encoding="UTF-8"?>
<!-- Generated by org.testng.reporters.JUnitXMLReporter -->
<testsuite hostname="EPINHYDW041C" ignored="0" name="Default test" tests="2" failures="0" timestamp="2022-01-26T08:27:52 IST" time="0.025" errors="0">
  <testcase name="@BeforeSuite beforeSuite" time="-1.643165872083E9" classname="com.testing.parallelTest.NewTest">
    <failure type="org.testng.TestNGException" message="
Parameter &amp;apos;browser&amp;apos; is required by BeforeSuite on method beforeSuite but has not been marked @Optional or defined
in C:\Users\Kailash_Sopparapu\AppData\Local\Temp\testng-eclipse-1726531226\testng-customsuite.xml">
      <![CDATA[org.testng.TestNGException: 
Parameter 'browser' is required by BeforeSuite on method beforeSuite but has not been marked @Optional or defined
in C:\Users\Kailash_Sopparapu\AppData\Local\Temp\testng-eclipse-1726531226\testng-customsuite.xml
at org.testng.internal.Parameters.createParams(Parameters.java:268)
at org.testng.internal.Parameters.createParametersForMethod(Parameters.java:356)
at org.testng.internal.Parameters.createParameters(Parameters.java:700)
at org.testng.internal.Parameters.createConfigurationParameters(Parameters.java:166)
at org.testng.internal.ConfigInvoker.invokeConfigurations(ConfigInvoker.java:301)
at org.testng.SuiteRunner.privateRun(SuiteRunner.java:327)
at org.testng.SuiteRunner.run(SuiteRunner.java:286)
at org.testng.SuiteRunnerWorker.runSuite(SuiteRunnerWorker.java:53)
at org.testng.SuiteRunnerWorker.run(SuiteRunnerWorker.java:96)
at org.testng.TestNG.runSuitesSequentially(TestNG.java:1218)
at org.testng.TestNG.runSuitesLocally(TestNG.java:1140)
at org.testng.TestNG.runSuites(TestNG.java:1069)
at org.testng.TestNG.run(TestNG.java:1037)
at org.testng.remote.AbstractRemoteTestNG.run(AbstractRemoteTestNG.java:115)
at org.testng.remote.RemoteTestNG.initAndRun(RemoteTestNG.java:251)
at org.testng.remote.RemoteTestNG.main(RemoteTestNG.java:77)
]]>
    </failure>
  </testcase> <!-- @BeforeSuite beforeSuite -->
  <testcase name="@BeforeTest beforeTest" time="-1.643165872091E9" classname="com.testing.parallelTest.NewTest">
    <skipped/>
  </testcase> <!-- @BeforeTest beforeTest -->
  <testcase name="@BeforeClass beforeClass" time="-1.643165872101E9" classname="com.testing.parallelTest.NewTest">
    <skipped/>
  </testcase> <!-- @BeforeClass beforeClass -->
  <testcase name="@BeforeMethod beforeMethod" time="-1.643165872107E9" classname="com.testing.parallelTest.NewTest">
    <skipped/>
  </testcase> <!-- @BeforeMethod beforeMethod -->
  <testcase name="@BeforeMethod beforeMethod" time="-1.643165872111E9" classname="com.testing.parallelTest.NewTest">
    <skipped/>
  </testcase> <!-- @BeforeMethod beforeMethod -->
  <testcase name="SampleTest" time="0.0" classname="com.testing.parallelTest.NewTest">
    <skipped/>
  </testcase> <!-- SampleTest -->
  <testcase name="SampleTest2" time="0.0" classname="com.testing.parallelTest.NewTest">
    <skipped/>
  </testcase> <!-- SampleTest2 -->
</testsuite> <!-- Default test -->
